<?xml version="1.0" encoding="UTF-8"?>
<testng-results ignored="0" total="1" passed="1" failed="0" skipped="0">
  <reporter-output>
  </reporter-output>
  <suite started-at="2024-03-13T09:44:37 IST" name="Default suite" finished-at="2024-03-13T09:44:38 IST" duration-ms="893">
    <groups>
    </groups>
    <test started-at="2024-03-13T09:44:37 IST" name="Default test" finished-at="2024-03-13T09:44:38 IST" duration-ms="893">
      <class name="Sanity.Cell_annotation.Today_activity">
        <test-method signature="testDB()[pri:0, instance:Sanity.Cell_annotation.Today_activity@56cdfb3b]" started-at="2024-03-13T09:44:37 IST" name="testDB" finished-at="2024-03-13T09:44:38 IST" duration-ms="863" status="PASS">
          <reporter-output>
          </reporter-output>
        </test-method> <!-- testDB -->
      </class> <!-- Sanity.Cell_annotation.Today_activity -->
    </test> <!-- Default test -->
  </suite> <!-- Default suite -->
</testng-results>
